<?xml version="1.0" encoding="UTF-8"?>
<!-- Generated by org.testng.reporters.JUnitReportReporter -->
<testsuite hostname="LAPTOP-UDCBSFF7" failures="0" tests="1" name="TestClass_Health_care.Test_Class" time="3.240" errors="0" timestamp="2022-06-01T15:27:23 IST" skipped="0">
  <testcase classname="TestClass_Health_care.Test_Class" name="TC_01" time="3.240"/>
  <system-out>
    <![CDATA[TC_01]]>
  </system-out>
</testsuite> <!-- TestClass_Health_care.Test_Class -->
