<?xml version="1.0" encoding="UTF-8"?>
<!-- Generated by org.testng.reporters.JUnitReportReporter -->
<testsuite hostname="LAPTOP-UDCBSFF7" failures="0" tests="3" name="Test_Class_Grouping.Test1" time="0.004" errors="0" timestamp="2022-06-08T21:18:01 IST" skipped="0">
  <testcase classname="Test_Class_Grouping.Test1" name="TC_01" time="0.001"/>
  <system-out/>
  <testcase classname="Test_Class_Grouping.Test1" name="TC_02" time="0.001"/>
  <system-out/>
  <testcase classname="Test_Class_Grouping.Test1" name="TC_03" time="0.002"/>
  <system-out/>
</testsuite> <!-- Test_Class_Grouping.Test1 -->
