<?xml version="1.0" encoding="UTF-8"?>
<!-- Generated by org.testng.reporters.JUnitReportReporter -->
<testsuite hostname="LAPTOP-UDCBSFF7" failures="0" tests="12" name="Test.Keywords" time="0.022" errors="0" timestamp="2022-05-26T12:01:19 IST" skipped="1">
  <testcase classname="Test.Keywords" name="TC_01" time="0.000"/>
  <system-out>
    <![CDATA[TC_01]]>
  </system-out>
  <testcase classname="Test.Keywords" name="TC_06" time="0.005"/>
  <system-out>
    <![CDATA[TC_06]]>
  </system-out>
  <testcase classname="Test.Keywords" name="TC_01" time="0.002"/>
  <system-out>
    <![CDATA[TC_01]]>
  </system-out>
  <testcase classname="Test.Keywords" name="TC_01" time="0.001"/>
  <system-out>
    <![CDATA[TC_01]]>
  </system-out>
  <testcase classname="Test.Keywords" name="TC_01" time="0.001"/>
  <system-out>
    <![CDATA[TC_01]]>
  </system-out>
  <testcase classname="Test.Keywords" name="TC_03" time="0.001"/>
  <system-out>
    <![CDATA[TC_03]]>
  </system-out>
  <testcase classname="Test.Keywords" name="TC_01" time="0.001"/>
  <system-out>
    <![CDATA[TC_01]]>
  </system-out>
  <testcase classname="Test.Keywords" name="TC_04" time="0.001"/>
  <system-out>
    <![CDATA[TC_04]]>
  </system-out>
  <testcase classname="Test.Keywords" name="TC_01" time="0.009"/>
  <system-out>
    <![CDATA[TC_01]]>
  </system-out>
  <testcase classname="Test.Keywords" name="TC_01" time="0.001"/>
  <system-out>
    <![CDATA[TC_01]]>
  </system-out>
  <testcase classname="Test.Keywords" name="TC_05" time="0.000"/>
  <system-out>
    <![CDATA[TC_05]]>
  </system-out>
  <testcase classname="Test.Keywords" name="TC_02">
    <skipped/>
  </testcase> <!-- TC_02 -->
  <system-out/>
</testsuite> <!-- Test.Keywords -->
