<?xml version="1.0" encoding="UTF-8"?>
<!-- Generated by org.testng.reporters.JUnitReportReporter -->
<testsuite hostname="LAPTOP-UDCBSFF7" failures="0" tests="3" name="Test.AnnotationsTestNG" time="0.011" errors="0" timestamp="2022-05-25T12:27:30 IST" skipped="0">
  <testcase classname="Test.AnnotationsTestNG" name="TC_03" time="0.001"/>
  <system-out/>
  <testcase classname="Test.AnnotationsTestNG" name="TC_02" time="0.003"/>
  <system-out/>
  <testcase classname="Test.AnnotationsTestNG" name="TC_01" time="0.007"/>
  <system-out/>
</testsuite> <!-- Test.AnnotationsTestNG -->
