<?xml version="1.0" encoding="UTF-8"?>
<!-- Generated by org.testng.reporters.JUnitReportReporter -->
<testsuite hostname="LAPTOP-UDCBSFF7" failures="0" tests="4" name="Test_Class_Grouping.Test2" time="0.010" errors="0" timestamp="2022-06-08T21:18:01 IST" skipped="0">
  <testcase classname="Test_Class_Grouping.Test2" name="TC_04" time="0.000"/>
  <system-out/>
  <testcase classname="Test_Class_Grouping.Test2" name="TC_03" time="0.001"/>
  <system-out/>
  <testcase classname="Test_Class_Grouping.Test2" name="TC_01" time="0.008"/>
  <system-out/>
  <testcase classname="Test_Class_Grouping.Test2" name="TC_02" time="0.001"/>
  <system-out/>
</testsuite> <!-- Test_Class_Grouping.Test2 -->
