<?xml version="1.0" encoding="UTF-8"?>
<!-- Generated by org.testng.reporters.JUnitReportReporter -->
<testsuite hostname="LAPTOP-UDCBSFF7" failures="0" tests="11" name="Test.Priority_TestCase" time="0.020" errors="0" timestamp="2022-05-26T13:31:18 IST" skipped="0">
  <testcase classname="Test.Priority_TestCase" name="TC_04" time="0.009"/>
  <system-out>
    <![CDATA[TC_04]]>
  </system-out>
  <testcase classname="Test.Priority_TestCase" name="TC_05" time="0.002"/>
  <system-out>
    <![CDATA[TC_05]]>
  </system-out>
  <testcase classname="Test.Priority_TestCase" name="TC_03" time="0.001"/>
  <system-out>
    <![CDATA[TC_03]]>
  </system-out>
  <testcase classname="Test.Priority_TestCase" name="TC_02" time="0.002"/>
  <system-out>
    <![CDATA[TC_02
1234]]>
  </system-out>
  <testcase classname="Test.Priority_TestCase" name="TC_02" time="0.001"/>
  <system-out>
    <![CDATA[TC_02
1234]]>
  </system-out>
  <testcase classname="Test.Priority_TestCase" name="TC_02" time="0.001"/>
  <system-out>
    <![CDATA[TC_02
1234]]>
  </system-out>
  <testcase classname="Test.Priority_TestCase" name="TC_02" time="0.001"/>
  <system-out>
    <![CDATA[TC_02
1234]]>
  </system-out>
  <testcase classname="Test.Priority_TestCase" name="TC_02" time="0.001"/>
  <system-out>
    <![CDATA[TC_02
1234]]>
  </system-out>
  <testcase classname="Test.Priority_TestCase" name="TC_02" time="0.001"/>
  <system-out>
    <![CDATA[TC_02
1234]]>
  </system-out>
  <testcase classname="Test.Priority_TestCase" name="TC_02" time="0.001"/>
  <system-out>
    <![CDATA[TC_02
1234]]>
  </system-out>
  <testcase classname="Test.Priority_TestCase" name="TC_01" time="0.000"/>
  <system-out>
    <![CDATA[TC_01]]>
  </system-out>
</testsuite> <!-- Test.Priority_TestCase -->
